# Frontend Render Fix Summary

## Changes Made

### 1. Created New Catch-all Route
- **File**: `app/foster-agency/[...slug]/page.js`
- **Purpose**: Handle all foster-agency routes with canonical slug-based routing
- **Features**:
  - Uses `force-dynamic` to ensure fresh data on each request
  - Uses `revalidate = 0` to disable ISR
  - Queries Supabase using canonical_slug
  - Returns proper content structure

### 2. Updated Existing City Page
- **File**: `app/foster-agency/[country]/[region]/[city]/page.js`
- **Changes**:
  - Added `force-dynamic` and `revalidate = 0` directives
  - Updated to use `getLocationContentByCanonicalSlug` instead of `getLocationContentBySlug`
  - Maintains existing UI but with fresh data fetching

### 3. Updated Location Service
- **File**: `services/locationService.js`
- **Changes**:
  - Updated `getLocationContentByCanonicalSlug` to use client-side Supabase instance
  - Properly exports the function for use in frontend components

### 4. Enhanced Backend API
- **File**: `app/api/admin/locations/[id]/content/route.js`
- **Changes**:
  - Added logging for content updates
  - Prepared for revalidation (though not directly possible in API routes)

## Verification Checklist

### Network Tab
- [ ] Supabase `select` queries visible on each page load
- [ ] No cached responses for location content

### Content Updates
- [ ] CMS edits immediately reflected in live pages
- [ ] No stale content after save and refresh

### Error Handling
- [ ] Proper error messages for missing content
- [ ] Graceful fallbacks for missing data

## Testing Instructions

1. Go to CMS, edit hero.heading, Save
2. Reload `/foster-agency/...` live page
3. New heading should appear instantly
4. Check Network tab for fresh Supabase queries
5. Verify no caching issues

## Next Steps

1. Test all location hierarchy levels (country, region, city)
2. Verify SEO metadata updates correctly
3. Check mobile responsiveness
4. Validate accessibility features